<?xml version="1.0" encoding="UTF-8"?>
<!-- Generated by org.testng.reporters.JUnitXMLReporter -->
<testsuite ignored="0" hostname="Apples-MacBook-Air-3.local" failures="0" tests="3" name="Test" time="155.37" errors="0" timestamp="2024-06-28T19:37:03 IST">
  <testcase classname="testCases.testCase02" name="testBrandsCategory" time="0.571"/>
  <testcase classname="testCases.testCase02" name="testForYouCategory" time="0.052"/>
  <testcase classname="testCases.testCase02" name="testTiraRedCategory" time="0.046"/>
</testsuite> <!-- Test -->
