<?xml version="1.0" encoding="UTF-8"?>
<testng-results ignored="0" total="3" passed="3" failed="0" skipped="0">
  <reporter-output>
  </reporter-output>
  <suite started-at="2024-06-28T19:34:27 IST" name="Suite" finished-at="2024-06-28T19:37:03 IST" duration-ms="155370">
    <groups>
    </groups>
    <test started-at="2024-06-28T19:34:27 IST" name="Test" finished-at="2024-06-28T19:37:03 IST" duration-ms="155370">
      <class name="testCases.testCase02">
        <test-method is-config="true" signature="setUp()[pri:0, instance:testCases.testCase02@2ca923bb]" started-at="2024-06-28T19:34:28 IST" name="setUp" finished-at="2024-06-28T19:37:01 IST" duration-ms="153293" status="PASS">
          <reporter-output>
          </reporter-output>
        </test-method> <!-- setUp -->
        <test-method signature="testBrandsCategory()[pri:0, instance:testCases.testCase02@2ca923bb]" started-at="2024-06-28T19:37:01 IST" name="testBrandsCategory" finished-at="2024-06-28T19:37:02 IST" duration-ms="571" status="PASS">
          <reporter-output>
          </reporter-output>
        </test-method> <!-- testBrandsCategory -->
        <test-method signature="testForYouCategory()[pri:0, instance:testCases.testCase02@2ca923bb]" started-at="2024-06-28T19:37:02 IST" name="testForYouCategory" finished-at="2024-06-28T19:37:02 IST" duration-ms="52" status="PASS">
          <reporter-output>
          </reporter-output>
        </test-method> <!-- testForYouCategory -->
        <test-method signature="testTiraRedCategory()[pri:0, instance:testCases.testCase02@2ca923bb]" started-at="2024-06-28T19:37:02 IST" name="testTiraRedCategory" finished-at="2024-06-28T19:37:02 IST" duration-ms="46" status="PASS">
          <reporter-output>
          </reporter-output>
        </test-method> <!-- testTiraRedCategory -->
        <test-method is-config="true" signature="tearDown()[pri:0, instance:testCases.testCase02@2ca923bb]" started-at="2024-06-28T19:37:02 IST" name="tearDown" finished-at="2024-06-28T19:37:03 IST" duration-ms="416" status="PASS">
          <reporter-output>
          </reporter-output>
        </test-method> <!-- tearDown -->
      </class> <!-- testCases.testCase02 -->
    </test> <!-- Test -->
  </suite> <!-- Suite -->
</testng-results>
